{
  "RSpec": {
    "coverage": {
      "/home/ameen-khan/approval_engine/app/models/ability.rb": {
        "lines": [
          1,
          1,
          null,
          1,
          87,
          null,
          null,
          87,
          87,
          87,
          87,
          null,
          null,
          87,
          59,
          null,
          28,
          12,
          5,
          null,
          null,
          null,
          12,
          null,
          12,
          4,
          null,
          null,
          null,
          12,
          12,
          null,
          16,
          16,
          16,
          16,
          null,
          null,
          null
        ]
      },
      "/home/ameen-khan/approval_engine/app/services/my_report_calculator.rb": {
        "lines": [
          null,
          null,
          null,
          null,
          1,
          1,
          null,
          1,
          13,
          13,
          null,
          null,
          null,
          1,
          13,
          null,
          5,
          null,
          4,
          null,
          4,
          null,
          null,
          null,
          1,
          null,
          null,
          null,
          null,
          1,
          null,
          4,
          null,
          null,
          null,
          null,
          null,
          4,
          null,
          null,
          null,
          null,
          null,
          null,
          null,
          null,
          null,
          null,
          null,
          1,
          null,
          4,
          null,
          null,
          null,
          null,
          null,
          4,
          null,
          null,
          null,
          null,
          null,
          null,
          4,
          null,
          null,
          null,
          null,
          null,
          4,
          null,
          null,
          null,
          null,
          null,
          null,
          null,
          null,
          null,
          null,
          null,
          null,
          null,
          null,
          1,
          null,
          5,
          null,
          null,
          5,
          null,
          null,
          null,
          null,
          5,
          null,
          null,
          null,
          null,
          null,
          null,
          null,
          5,
          null,
          null,
          null,
          null,
          null,
          null,
          null,
          null,
          null,
          null,
          null,
          null,
          null,
          null,
          null,
          null,
          null,
          null,
          null,
          1,
          5,
          null,
          3,
          5,
          null,
          null,
          null,
          null,
          null,
          null,
          null,
          null,
          1,
          5,
          2,
          2,
          null,
          null,
          2,
          null,
          null,
          null,
          null,
          null,
          null,
          null,
          null
        ]
      },
      "/home/ameen-khan/approval_engine/app/services/quota_calculator.rb": {
        "lines": [
          1,
          1,
          52,
          52,
          52,
          null,
          null,
          1,
          52,
          null,
          null,
          1,
          51,
          null,
          null,
          null,
          null,
          null,
          null,
          null,
          null,
          null,
          null,
          1,
          44,
          null,
          null,
          1,
          null,
          1,
          52,
          null,
          null,
          null,
          null,
          null,
          null,
          1,
          51,
          null,
          null
        ]
      },
      "/home/ameen-khan/approval_engine/app/services/rule_evaluator.rb": {
        "lines": [
          1,
          1,
          37,
          37,
          37,
          37,
          null,
          null,
          1,
          37,
          null,
          null,
          null,
          null,
          null,
          37,
          22,
          null,
          12,
          null,
          null,
          null,
          1,
          null,
          1,
          22,
          null,
          null,
          null,
          null,
          22,
          null,
          22,
          null,
          null,
          null,
          null,
          null,
          null,
          null,
          null,
          null,
          null,
          1,
          12,
          null,
          null
        ]
      },
      "/home/ameen-khan/approval_engine/app/models/tenant.rb": {
        "lines": [
          1,
          1,
          1,
          1,
          1,
          1,
          1,
          null,
          1,
          null
        ]
      },
      "/home/ameen-khan/approval_engine/app/models/application_record.rb": {
        "lines": [
          1,
          1,
          null
        ]
      },
      "/home/ameen-khan/approval_engine/app/models/concerns/soft_deletable.rb": {
        "lines": [
          1,
          1,
          null,
          1,
          1561,
          null,
          6,
          4,
          null,
          null,
          1,
          5,
          null,
          5,
          null,
          null,
          1,
          7,
          null,
          null,
          null,
          null,
          null,
          null
        ]
      },
      "/home/ameen-khan/approval_engine/app/models/user.rb": {
        "lines": [
          1,
          1,
          1,
          null,
          1,
          null,
          null,
          null,
          1,
          1,
          null,
          1,
          null,
          null,
          null,
          1,
          null,
          1,
          null,
          1,
          1,
          1,
          1,
          null
        ]
      },
      "/home/ameen-khan/approval_engine/app/models/request_type.rb": {
        "lines": [
          1,
          1,
          1,
          null,
          1,
          1,
          1,
          1,
          null,
          1,
          null
        ]
      },
      "/home/ameen-khan/approval_engine/app/models/request_type_approver.rb": {
        "lines": [
          1,
          1,
          1,
          null
        ]
      },
      "/home/ameen-khan/approval_engine/app/models/request.rb": {
        "lines": [
          1,
          1,
          1,
          1,
          null,
          1,
          null,
          null,
          1,
          null,
          null,
          null,
          null,
          null,
          null,
          1,
          1,
          null
        ]
      },
      "/home/ameen-khan/approval_engine/app/models/rule.rb": {
        "lines": [
          1,
          1,
          1,
          1,
          null,
          1,
          1,
          1,
          null
        ]
      },
      "/home/ameen-khan/approval_engine/app/models/approval.rb": {
        "lines": [
          1,
          1,
          1,
          1,
          1,
          null,
          1,
          null
        ]
      },
      "/home/ameen-khan/approval_engine/app/controllers/api/v1/admin/reports_controller.rb": {
        "lines": [
          1,
          1,
          1,
          1,
          1,
          2,
          null,
          1,
          null,
          1,
          null,
          null,
          null,
          null,
          null,
          null,
          null,
          null,
          1,
          null,
          1,
          1,
          null,
          null,
          1,
          1,
          null,
          null,
          1,
          1,
          null,
          null,
          null,
          null,
          null,
          1,
          1,
          null,
          null,
          1,
          1,
          null,
          null,
          null,
          null,
          null,
          null,
          null,
          null
        ]
      },
      "/home/ameen-khan/approval_engine/app/controllers/application_controller.rb": {
        "lines": [
          1,
          1,
          1,
          1,
          null,
          1,
          null,
          1,
          11,
          null,
          1,
          null,
          31,
          null,
          null,
          null,
          null,
          null,
          null
        ]
      },
      "/home/ameen-khan/approval_engine/app/controllers/concerns/authenticatable.rb": {
        "lines": [
          1,
          1,
          1,
          null,
          1,
          1,
          null,
          1,
          1,
          null,
          null,
          1,
          null,
          1,
          122,
          122,
          null,
          122,
          113,
          100,
          null,
          null,
          109,
          null,
          13,
          null,
          null,
          1,
          113,
          null,
          null,
          1,
          26,
          null,
          null
        ]
      },
      "/home/ameen-khan/approval_engine/app/controllers/api/v1/approver/requests_controller.rb": {
        "lines": [
          1,
          1,
          1,
          1,
          1,
          null,
          null,
          null,
          null,
          5,
          null,
          1,
          null,
          null,
          null,
          null,
          4,
          null,
          null,
          null,
          null,
          null,
          5,
          5,
          null,
          5,
          null,
          null,
          null,
          null,
          null,
          null,
          null,
          null,
          1,
          2,
          2,
          null,
          null,
          null,
          2,
          null,
          1,
          1,
          1,
          null,
          null,
          1,
          null,
          null,
          null,
          null,
          null,
          null,
          null,
          null,
          null,
          null,
          1,
          null,
          null,
          1,
          null,
          1,
          2,
          null,
          null,
          null,
          null,
          null,
          null,
          null,
          null,
          null
        ]
      },
      "/home/ameen-khan/approval_engine/app/serializers/approver_request_serializer.rb": {
        "lines": [
          1,
          1,
          null,
          null,
          null,
          null,
          null,
          1,
          1,
          null,
          1,
          5,
          null,
          null,
          null,
          null,
          null,
          null,
          5,
          null,
          null,
          null,
          null,
          null
        ]
      },
      "/home/ameen-khan/approval_engine/app/serializers/user_serializer.rb": {
        "lines": [
          1,
          1,
          null
        ]
      },
      "/home/ameen-khan/approval_engine/app/serializers/request_type_serializer.rb": {
        "lines": [
          1,
          1,
          null,
          1,
          null
        ]
      },
      "/home/ameen-khan/approval_engine/app/controllers/api/v1/requests_controller.rb": {
        "lines": [
          1,
          1,
          1,
          1,
          null,
          null,
          9,
          null,
          0,
          null,
          null,
          9,
          null,
          null,
          9,
          9,
          null,
          9,
          null,
          null,
          null,
          null,
          null,
          null,
          null,
          null,
          1,
          0,
          0,
          0,
          null,
          null,
          1,
          4,
          null,
          4,
          null,
          null,
          null,
          null,
          null,
          null,
          null,
          4,
          4,
          4,
          null,
          null,
          4,
          null,
          0,
          null,
          null,
          1,
          0,
          null,
          0,
          null,
          null,
          null,
          null,
          0,
          null,
          null,
          null,
          null,
          null,
          0,
          null,
          null,
          null,
          null,
          null,
          null,
          null,
          1,
          null,
          null,
          null
        ]
      },
      "/home/ameen-khan/approval_engine/app/serializers/request_serializer.rb": {
        "lines": [
          1,
          1,
          null,
          null,
          null,
          null,
          1,
          1,
          1,
          null
        ]
      },
      "/home/ameen-khan/approval_engine/app/serializers/approval_serializer.rb": {
        "lines": [
          1,
          1,
          null,
          1,
          1,
          null
        ]
      },
      "/home/ameen-khan/approval_engine/app/serializers/rule_serializer.rb": {
        "lines": [
          1,
          1,
          null,
          1,
          null
        ]
      },
      "/home/ameen-khan/approval_engine/app/controllers/api/v1/auth_controller.rb": {
        "lines": [
          1,
          1,
          1,
          1,
          null,
          1,
          35,
          null,
          35,
          13,
          13,
          null,
          null,
          null,
          null,
          22,
          null,
          null,
          null,
          1,
          null,
          1,
          null,
          13,
          null,
          null,
          null,
          null,
          13,
          null,
          null,
          null,
          null
        ]
      },
      "/home/ameen-khan/approval_engine/app/controllers/api/v1/users_controller.rb": {
        "lines": [
          1,
          1,
          1,
          1,
          16,
          null,
          14,
          14,
          14,
          null,
          14,
          null,
          null,
          null,
          null,
          null,
          null,
          null,
          null,
          1,
          30,
          null,
          28,
          27,
          null,
          27,
          14,
          null,
          13,
          null,
          null,
          null,
          1,
          10,
          5,
          null,
          3,
          1,
          null,
          null,
          null,
          2,
          null,
          2,
          null,
          null,
          1,
          null,
          1,
          28,
          null,
          null,
          null,
          null,
          null,
          null,
          null,
          null,
          null,
          null
        ]
      },
      "/home/ameen-khan/approval_engine/app/controllers/api/v1/reports_controller.rb": {
        "lines": [
          1,
          1,
          1,
          null,
          null,
          1,
          1,
          null,
          1,
          null,
          null,
          null,
          null,
          1,
          null,
          null,
          null,
          null
        ]
      },
      "/home/ameen-khan/approval_engine/app/controllers/api/v1/request_types_controller.rb": {
        "lines": [
          1,
          1,
          1,
          1,
          2,
          2,
          2,
          null,
          2,
          null,
          null,
          null,
          null,
          null,
          null,
          null,
          null,
          1,
          5,
          null,
          4,
          4,
          1,
          null,
          null,
          null,
          null,
          null,
          null,
          3,
          null,
          3,
          0,
          null,
          null,
          null,
          3,
          null,
          null,
          null,
          null,
          3,
          2,
          null,
          null,
          null,
          1,
          null,
          null,
          null,
          null,
          1,
          1,
          null,
          1,
          1,
          null,
          null,
          null,
          null,
          null,
          null,
          1,
          null,
          null,
          0,
          null,
          null,
          1,
          3,
          null,
          2,
          null,
          2,
          null,
          2,
          0,
          null,
          null,
          null,
          2,
          null,
          null,
          null,
          null,
          2,
          0,
          null,
          null,
          null,
          2,
          null,
          2,
          null,
          null,
          2,
          2,
          null,
          null,
          null,
          null,
          null,
          null,
          2,
          null,
          0,
          null,
          null,
          1,
          2,
          2,
          null,
          1,
          null,
          1,
          null,
          null,
          null,
          null
        ]
      },
      "/home/ameen-khan/approval_engine/app/controllers/api/v1/rules_controller.rb": {
        "lines": [
          1,
          1,
          1,
          1,
          1,
          1,
          1,
          null,
          1,
          null,
          null,
          null,
          null,
          null,
          null,
          null,
          null,
          1,
          3,
          2,
          null,
          2,
          null,
          null,
          null,
          null,
          null,
          null,
          2,
          1,
          null,
          1,
          null,
          null,
          null,
          null,
          1,
          1,
          1,
          1,
          1,
          null,
          null,
          null,
          null
        ]
      },
      "/home/ameen-khan/approval_engine/app/jobs/application_job.rb": {
        "lines": [
          0,
          null,
          null,
          null,
          null,
          null,
          0
        ],
        "branches": {}
      },
      "/home/ameen-khan/approval_engine/app/mailers/application_mailer.rb": {
        "lines": [
          0,
          0,
          0,
          0
        ],
        "branches": {}
      }
    },
    "timestamp": 1770361184
  }
}
